

<!DOCTYPE html>
<html>
<head>
<meta charset="utf-8">
<meta name="viewport" content="width=device-width, initial-scale=1, shrink-to-fit=no">
<title>Execution Report</title>
<link rel="apple-touch-icon" href="https://cdn.jsdelivr.net/gh/extent-framework/extent-github-cdn@b00a2d0486596e73dd7326beacf352c639623a0e/commons/img/logo.png">
<link rel="shortcut icon" href="https://cdn.jsdelivr.net/gh/extent-framework/extent-github-cdn@b00a2d0486596e73dd7326beacf352c639623a0e/commons/img/logo.png">
<link href="https://cdn.jsdelivr.net/gh/extent-framework/extent-github-cdn@d6562a79075e061305ccfdb82f01e5e195e2d307/spark/css/spark-style.css" rel="stylesheet" />
<link href="https://stackpath.bootstrapcdn.com/font-awesome/4.7.0/css/font-awesome.min.css" rel="stylesheet">
<script src="https://cdn.jsdelivr.net/gh/extent-framework/extent-github-cdn@7cc78ce/spark/js/jsontree.js"></script>
<style type="text/css"></style></head><body class="spa -report standard">
  <div class="app">
    <div class="layout">
<div class="header navbar">
<div class="vheader">
<div class="nav-logo">
<a href="#">
<div class="logo" style="background-image: url('https://cdn.jsdelivr.net/gh/extent-framework/extent-github-cdn@b00a2d0486596e73dd7326beacf352c639623a0e/commons/img/logo.png')"></div>
</a>
</div>
<ul class="nav-left">
<li class="search-box">
<a class="search-toggle" href="#">
<i class="search-icon fa fa-search"></i>
<i class="search-icon-close fa fa-close"></i>
</a>
</li>
<li class="search-input"><input id="search-tests" class="form-control" type="text" placeholder="Search..."></li>
</ul>
<ul class="nav-right">
<li class="m-r-10">
<a href="#"><span class="badge badge-primary">Test Results</span></a>
</li>
<li class="m-r-10">
<a href="#"><span class="badge badge-primary">Oct. 27, 2022 04:14:23 a.m.</span></a>
</li>
</ul>
</div>
</div><div class="side-nav">
<div class="side-nav-inner">
<ul class="side-nav-menu">
<li class="nav-item dropdown" onclick="toggleView('test-view')">
<a id="nav-test" class="dropdown-toggle" href="#">
<span class="ico"><i class="fa fa-list"></i></span>
</a>
</li>
<li class="nav-item dropdown" onclick="toggleView('dashboard-view')">
<a id="nav-dashboard" class="dropdown-toggle" href="#">
<span class="ico"><i class="fa fa-bar-chart"></i></span>
</a>
</li>
</ul>
</div>
</div>      <div class="vcontainer">
        <div class="main-content">
<div class="test-wrapper row view test-view">
  <div class="test-list">
    <div class="test-list-tools">
<ul class="tools pull-left">
<li><a href="#"><span class="font-size-14">Tests</span></a></li>
</ul>
<ul class="tools text-right">
<li class="dropdown">
<a href="#" class="dropdown-toggle" data-toggle="dropdown"><i class="fa fa-exclamation-circle"></i></a>
<ul id="status-toggle" class="dropdown-menu dropdown-md p-v-0">
<a class="dropdown-item" status="pass" href="#"><span>Pass</span><span class="status success"></span></a>
<a class="dropdown-item" status="fail" href="#"><span>Fail</span><span class="status danger"></span></a>
<a class="dropdown-item" status="skip" href="#"><span>Skip</span><span class="status warning"></span></a>
<div class="dropdown-divider"></div>
<a status="clear" class="dropdown-item" href="#"><span>Clear</span><span class="pull-right"><i class="fa fa-close"></i></span></a>
</ul>
</li>
</ul>
</div>    <div class="test-list-wrapper scrollable">
      <ul class="test-list-item">
        <li class="test-item"  status="pass" test-id="1"
          author=""
          tag=""
          device="">
          <div class="test-detail">
            <p class="name">testClasses.Gmail.verifyLearnMorePageTitle</p>
            <p class="text-sm">
              <span>4:14:26 a.m.</span> / <span>00:00:01:734</span>
              <span class="badge pass-bg log float-right">Pass</span>
            </p>
          </div>
          <div class="test-contents d-none">
<div class="detail-head">
<div class="p-v-10">
<div class="info">
<h5 class="test-status text-pass">testClasses.Gmail.verifyLearnMorePageTitle</h5>
<span class='badge badge-success'>10.27.2022 4:14:26 a.m.</span>
<span class='badge badge-danger'>10.27.2022 4:14:28 a.m.</span>
<span class='badge badge-default'>00:00:01:734</span>
&middot; <span class='uri-anchor badge badge-default'>#test-id=1</span>
<span class='badge badge-default pointer float-right ml-1 et'><i class="fa fa-chevron-down"></i></span>
<span class='badge badge-default pointer float-right ct'><i class="fa fa-chevron-up"></i></span>
</div>
</div>
</div><div class="detail-body mt-4">
<table class="table table-sm">
  <thead><tr><th class="status-col">Status</th><th class="timestamp-col">Timestamp</th><th class="details-col">Details</th></tr></thead>
  <tbody>
      <tr class="event-row">
        <td><span class="badge log pass-bg">Pass</span></td>
        <td>4:14:28 a.m.</td>
        <td>
          <span class='badge white-text green'><b>Test method 'verifyLearnMorePageTitle' executed successfully</b></span>
        </td>
      </tr>
  </tbody>
</table>
</div>
          </div>
        </li>
        <li class="test-item"  status="fail" test-id="2"
          author=""
          tag=""
          device="">
          <div class="test-detail">
            <p class="name">testClasses.Gmail.verifyLinkTerms</p>
            <p class="text-sm">
              <span>4:14:30 a.m.</span> / <span>00:00:05:206</span>
              <span class="badge fail-bg log float-right">Fail</span>
            </p>
          </div>
          <div class="test-contents d-none">
<div class="detail-head">
<div class="p-v-10">
<div class="info">
<h5 class="test-status text-fail">testClasses.Gmail.verifyLinkTerms</h5>
<span class='badge badge-success'>10.27.2022 4:14:30 a.m.</span>
<span class='badge badge-danger'>10.27.2022 4:14:35 a.m.</span>
<span class='badge badge-default'>00:00:05:206</span>
&middot; <span class='uri-anchor badge badge-default'>#test-id=2</span>
<span class='badge badge-default pointer float-right ml-1 et'><i class="fa fa-chevron-down"></i></span>
<span class='badge badge-default pointer float-right ct'><i class="fa fa-chevron-up"></i></span>
</div>
</div>
</div><div class="detail-body mt-4">
<table class="table table-sm">
  <thead><tr><th class="status-col">Status</th><th class="timestamp-col">Timestamp</th><th class="details-col">Details</th></tr></thead>
  <tbody>
      <tr class="event-row">
        <td><span class="badge log fail-bg">Fail</span></td>
        <td>4:14:35 a.m.</td>
        <td>
          <b><font color=red>Screenshot at the time of fail</font></b>
    <div class="row mb-3"><div class="col-md-3">
<img data-featherlight='C:\Users\befis\eclipse-workspace\GoogleTNG\.\Report\screenshots\verifyLinkTerms.png' src="C:\Users\befis\eclipse-workspace\GoogleTNG\.\Report\screenshots\verifyLinkTerms.png">
    
    </div></div>
        </td>
      </tr>
      <tr class="event-row">
        <td><span class="badge log fail-bg">Fail</span></td>
        <td>4:14:35 a.m.</td>
        <td>
          <details><summary><b><font color=red>Exception occured, click to see details:</font></b></summary>org.openqa.selenium.NoSuchElementException: no such element: Unable to locate element: {"method":"xpath"<br>"selector":"Terms"}
  (Session info: chrome=106.0.5249.119)
For documentation on this error<br> please visit: https://selenium.dev/exceptions/#no_such_element
Build info: version: '4.1.2'<br> revision: '9a5a329c5a'
System info: host: 'BEFISPC'<br> ip: '192.168.1.113'<br> os.name: 'Windows 10'<br> os.arch: 'amd64'<br> os.version: '10.0'<br> java.version: '17.0.4.1'
Driver info: org.openqa.selenium.chrome.ChromeDriver
Command: [234cc35f2f901468e80b829f5e6b822d<br> findElement {using=xpath<br> value=Terms}]
Capabilities {acceptInsecureCerts: false<br> browserName: chrome<br> browserVersion: 106.0.5249.119<br> chrome: {chromedriverVersion: 106.0.5249.61 (511755355844...<br> userDataDir: C:\Users\befis\AppData\Loca...}<br> goog:chromeOptions: {debuggerAddress: localhost:65128}<br> javascriptEnabled: true<br> networkConnectionEnabled: false<br> pageLoadStrategy: normal<br> platform: WINDOWS<br> platformName: WINDOWS<br> proxy: Proxy()<br> se:cdp: ws://localhost:65128/devtoo...<br> se:cdpVersion: 106.0.5249.119<br> setWindowRect: true<br> strictFileInteractability: false<br> timeouts: {implicit: 0<br> pageLoad: 300000<br> script: 30000}<br> unhandledPromptBehavior: dismiss and notify<br> webauthn:extension:credBlob: true<br> webauthn:extension:largeBlob: true<br> webauthn:virtualAuthenticators: true}
Session ID: 234cc35f2f901468e80b829f5e6b822d[java.base/jdk.internal.reflect.NativeConstructorAccessorImpl.newInstance0(Native Method)<br> java.base/jdk.internal.reflect.NativeConstructorAccessorImpl.newInstance(NativeConstructorAccessorImpl.java:77)<br> java.base/jdk.internal.reflect.DelegatingConstructorAccessorImpl.newInstance(DelegatingConstructorAccessorImpl.java:45)<br> java.base/java.lang.reflect.Constructor.newInstanceWithCaller(Constructor.java:499)<br> java.base/java.lang.reflect.Constructor.newInstance(Constructor.java:480)<br> org.openqa.selenium.remote.codec.w3c.W3CHttpResponseCodec.createException(W3CHttpResponseCodec.java:200)<br> org.openqa.selenium.remote.codec.w3c.W3CHttpResponseCodec.decode(W3CHttpResponseCodec.java:133)<br> org.openqa.selenium.remote.codec.w3c.W3CHttpResponseCodec.decode(W3CHttpResponseCodec.java:53)<br> org.openqa.selenium.remote.HttpCommandExecutor.execute(HttpCommandExecutor.java:184)<br> org.openqa.selenium.remote.service.DriverCommandExecutor.invokeExecute(DriverCommandExecutor.java:167)<br> org.openqa.selenium.remote.service.DriverCommandExecutor.execute(DriverCommandExecutor.java:142)<br> org.openqa.selenium.remote.RemoteWebDriver.execute(RemoteWebDriver.java:558)<br> org.openqa.selenium.remote.ElementLocation$ElementFinder$2.findElement(ElementLocation.java:162)<br> org.openqa.selenium.remote.ElementLocation.findElement(ElementLocation.java:60)<br> org.openqa.selenium.remote.RemoteWebDriver.findElement(RemoteWebDriver.java:382)<br> org.openqa.selenium.remote.RemoteWebDriver.findElement(RemoteWebDriver.java:374)<br> org.openqa.selenium.support.pagefactory.DefaultElementLocator.findElement(DefaultElementLocator.java:70)<br> org.openqa.selenium.support.pagefactory.internal.LocatingElementHandler.invoke(LocatingElementHandler.java:39)<br> jdk.proxy2/jdk.proxy2.$Proxy18.click(Unknown Source)<br> pageObjects.GmailPOM.clickTerms(GmailPOM.java:29)<br> testClasses.Gmail.verifyLinkTerms(Gmail.java:67)<br> java.base/jdk.internal.reflect.NativeMethodAccessorImpl.invoke0(Native Method)<br> java.base/jdk.internal.reflect.NativeMethodAccessorImpl.invoke(NativeMethodAccessorImpl.java:77)<br> java.base/jdk.internal.reflect.DelegatingMethodAccessorImpl.invoke(DelegatingMethodAccessorImpl.java:43)<br> java.base/java.lang.reflect.Method.invoke(Method.java:568)<br> org.testng.internal.invokers.MethodInvocationHelper.invokeMethod(MethodInvocationHelper.java:135)<br> org.testng.internal.invokers.TestInvoker.invokeMethod(TestInvoker.java:673)<br> org.testng.internal.invokers.TestInvoker.invokeTestMethod(TestInvoker.java:220)<br> org.testng.internal.invokers.MethodRunner.runInSequence(MethodRunner.java:50)<br> org.testng.internal.invokers.TestInvoker$MethodInvocationAgent.invoke(TestInvoker.java:945)<br> org.testng.internal.invokers.TestInvoker.invokeTestMethods(TestInvoker.java:193)<br> org.testng.internal.invokers.TestMethodWorker.invokeTestMethods(TestMethodWorker.java:146)<br> org.testng.internal.invokers.TestMethodWorker.run(TestMethodWorker.java:128)<br> java.base/java.util.ArrayList.forEach(ArrayList.java:1511)<br> org.testng.TestRunner.privateRun(TestRunner.java:808)<br> org.testng.TestRunner.run(TestRunner.java:603)<br> org.testng.SuiteRunner.runTest(SuiteRunner.java:429)<br> org.testng.SuiteRunner.runSequentially(SuiteRunner.java:423)<br> org.testng.SuiteRunner.privateRun(SuiteRunner.java:383)<br> org.testng.SuiteRunner.run(SuiteRunner.java:326)<br> org.testng.SuiteRunnerWorker.runSuite(SuiteRunnerWorker.java:52)<br> org.testng.SuiteRunnerWorker.run(SuiteRunnerWorker.java:95)<br> org.testng.TestNG.runSuitesSequentially(TestNG.java:1249)<br> org.testng.TestNG.runSuitesLocally(TestNG.java:1169)<br> org.testng.TestNG.runSuites(TestNG.java:1092)<br> org.testng.TestNG.run(TestNG.java:1060)<br> org.testng.remote.AbstractRemoteTestNG.run(AbstractRemoteTestNG.java:115)<br> org.testng.remote.RemoteTestNG.initAndRun(RemoteTestNG.java:251)<br> org.testng.remote.RemoteTestNG.main(RemoteTestNG.java:77)]</details> 

        </td>
      </tr>
  </tbody>
</table>
</div>
          </div>
        </li>
        <li class="test-item"  status="fail" test-id="3"
          author=""
          tag=""
          device="">
          <div class="test-detail">
            <p class="name">testClasses.Google.verifyViewAllProductsPageTitle</p>
            <p class="text-sm">
              <span>4:14:37 a.m.</span> / <span>00:00:01:412</span>
              <span class="badge fail-bg log float-right">Fail</span>
            </p>
          </div>
          <div class="test-contents d-none">
<div class="detail-head">
<div class="p-v-10">
<div class="info">
<h5 class="test-status text-fail">testClasses.Google.verifyViewAllProductsPageTitle</h5>
<span class='badge badge-success'>10.27.2022 4:14:37 a.m.</span>
<span class='badge badge-danger'>10.27.2022 4:14:38 a.m.</span>
<span class='badge badge-default'>00:00:01:412</span>
&middot; <span class='uri-anchor badge badge-default'>#test-id=3</span>
<span class='badge badge-default pointer float-right ml-1 et'><i class="fa fa-chevron-down"></i></span>
<span class='badge badge-default pointer float-right ct'><i class="fa fa-chevron-up"></i></span>
</div>
</div>
</div><div class="detail-body mt-4">
<table class="table table-sm">
  <thead><tr><th class="status-col">Status</th><th class="timestamp-col">Timestamp</th><th class="details-col">Details</th></tr></thead>
  <tbody>
      <tr class="event-row">
        <td><span class="badge log fail-bg">Fail</span></td>
        <td>4:14:38 a.m.</td>
        <td>
          <b><font color=red>Screenshot at the time of fail</font></b>
    <div class="row mb-3"><div class="col-md-3">
<img data-featherlight='C:\Users\befis\eclipse-workspace\GoogleTNG\.\Report\screenshots\verifyViewAllProductsPageTitle.png' src="C:\Users\befis\eclipse-workspace\GoogleTNG\.\Report\screenshots\verifyViewAllProductsPageTitle.png">
    
    </div></div>
        </td>
      </tr>
      <tr class="event-row">
        <td><span class="badge log fail-bg">Fail</span></td>
        <td>4:14:38 a.m.</td>
        <td>
          <details><summary><b><font color=red>Exception occured, click to see details:</font></b></summary>java.lang.NullPointerException: Cannot invoke "com.aventstack.extentreports.ExtentTest.log(com.aventstack.extentreports.Status<br> String<br> com.aventstack.extentreports.model.Media)" because "this.logger" is null[testClasses.Google.verifyViewAllProductsPageTitle(Google.java:68)<br> java.base/jdk.internal.reflect.NativeMethodAccessorImpl.invoke0(Native Method)<br> java.base/jdk.internal.reflect.NativeMethodAccessorImpl.invoke(NativeMethodAccessorImpl.java:77)<br> java.base/jdk.internal.reflect.DelegatingMethodAccessorImpl.invoke(DelegatingMethodAccessorImpl.java:43)<br> java.base/java.lang.reflect.Method.invoke(Method.java:568)<br> org.testng.internal.invokers.MethodInvocationHelper.invokeMethod(MethodInvocationHelper.java:135)<br> org.testng.internal.invokers.TestInvoker.invokeMethod(TestInvoker.java:673)<br> org.testng.internal.invokers.TestInvoker.invokeTestMethod(TestInvoker.java:220)<br> org.testng.internal.invokers.MethodRunner.runInSequence(MethodRunner.java:50)<br> org.testng.internal.invokers.TestInvoker$MethodInvocationAgent.invoke(TestInvoker.java:945)<br> org.testng.internal.invokers.TestInvoker.invokeTestMethods(TestInvoker.java:193)<br> org.testng.internal.invokers.TestMethodWorker.invokeTestMethods(TestMethodWorker.java:146)<br> org.testng.internal.invokers.TestMethodWorker.run(TestMethodWorker.java:128)<br> java.base/java.util.ArrayList.forEach(ArrayList.java:1511)<br> org.testng.TestRunner.privateRun(TestRunner.java:808)<br> org.testng.TestRunner.run(TestRunner.java:603)<br> org.testng.SuiteRunner.runTest(SuiteRunner.java:429)<br> org.testng.SuiteRunner.runSequentially(SuiteRunner.java:423)<br> org.testng.SuiteRunner.privateRun(SuiteRunner.java:383)<br> org.testng.SuiteRunner.run(SuiteRunner.java:326)<br> org.testng.SuiteRunnerWorker.runSuite(SuiteRunnerWorker.java:52)<br> org.testng.SuiteRunnerWorker.run(SuiteRunnerWorker.java:95)<br> org.testng.TestNG.runSuitesSequentially(TestNG.java:1249)<br> org.testng.TestNG.runSuitesLocally(TestNG.java:1169)<br> org.testng.TestNG.runSuites(TestNG.java:1092)<br> org.testng.TestNG.run(TestNG.java:1060)<br> org.testng.remote.AbstractRemoteTestNG.run(AbstractRemoteTestNG.java:115)<br> org.testng.remote.RemoteTestNG.initAndRun(RemoteTestNG.java:251)<br> org.testng.remote.RemoteTestNG.main(RemoteTestNG.java:77)]</details> 

        </td>
      </tr>
  </tbody>
</table>
</div>
          </div>
        </li>
        <li class="test-item"  status="fail" test-id="4"
          author=""
          tag=""
          device="">
          <div class="test-detail">
            <p class="name">testClasses.Google.getPixelPrice</p>
            <p class="text-sm">
              <span>4:14:40 a.m.</span> / <span>00:00:19:285</span>
              <span class="badge fail-bg log float-right">Fail</span>
            </p>
          </div>
          <div class="test-contents d-none">
<div class="detail-head">
<div class="p-v-10">
<div class="info">
<h5 class="test-status text-fail">testClasses.Google.getPixelPrice</h5>
<span class='badge badge-success'>10.27.2022 4:14:40 a.m.</span>
<span class='badge badge-danger'>10.27.2022 4:14:59 a.m.</span>
<span class='badge badge-default'>00:00:19:285</span>
&middot; <span class='uri-anchor badge badge-default'>#test-id=4</span>
<span class='badge badge-default pointer float-right ml-1 et'><i class="fa fa-chevron-down"></i></span>
<span class='badge badge-default pointer float-right ct'><i class="fa fa-chevron-up"></i></span>
</div>
</div>
</div><div class="detail-body mt-4">
<table class="table table-sm">
  <thead><tr><th class="status-col">Status</th><th class="timestamp-col">Timestamp</th><th class="details-col">Details</th></tr></thead>
  <tbody>
      <tr class="event-row">
        <td><span class="badge log fail-bg">Fail</span></td>
        <td>4:14:59 a.m.</td>
        <td>
          <b><font color=red>Screenshot at the time of fail</font></b>
    <div class="row mb-3"><div class="col-md-3">
<img data-featherlight='C:\Users\befis\eclipse-workspace\GoogleTNG\.\Report\screenshots\getPixelPrice.png' src="C:\Users\befis\eclipse-workspace\GoogleTNG\.\Report\screenshots\getPixelPrice.png">
    
    </div></div>
        </td>
      </tr>
      <tr class="event-row">
        <td><span class="badge log fail-bg">Fail</span></td>
        <td>4:14:59 a.m.</td>
        <td>
          <details><summary><b><font color=red>Exception occured, click to see details:</font></b></summary>org.openqa.selenium.NoSuchElementException: no such element: Unable to locate element: {"method":"css selector"<br>"selector":"#\/\/a\[\@mqn\-autotrack\-label\=\'\/product\/pixel_7\'\]"}
  (Session info: chrome=106.0.5249.119)
For documentation on this error<br> please visit: https://selenium.dev/exceptions/#no_such_element
Build info: version: '4.1.2'<br> revision: '9a5a329c5a'
System info: host: 'BEFISPC'<br> ip: '192.168.1.113'<br> os.name: 'Windows 10'<br> os.arch: 'amd64'<br> os.version: '10.0'<br> java.version: '17.0.4.1'
Driver info: org.openqa.selenium.chrome.ChromeDriver
Command: [e3720a208f47a23dfddc771a816dca1c<br> findElement {using=id<br> value=//a[@mqn-autotrack-label='/product/pixel_7']}]
Capabilities {acceptInsecureCerts: false<br> browserName: chrome<br> browserVersion: 106.0.5249.119<br> chrome: {chromedriverVersion: 106.0.5249.61 (511755355844...<br> userDataDir: C:\Users\befis\AppData\Loca...}<br> goog:chromeOptions: {debuggerAddress: localhost:65201}<br> javascriptEnabled: true<br> networkConnectionEnabled: false<br> pageLoadStrategy: normal<br> platform: WINDOWS<br> platformName: WINDOWS<br> proxy: Proxy()<br> se:cdp: ws://localhost:65201/devtoo...<br> se:cdpVersion: 106.0.5249.119<br> setWindowRect: true<br> strictFileInteractability: false<br> timeouts: {implicit: 0<br> pageLoad: 300000<br> script: 30000}<br> unhandledPromptBehavior: dismiss and notify<br> webauthn:extension:credBlob: true<br> webauthn:extension:largeBlob: true<br> webauthn:virtualAuthenticators: true}
Session ID: e3720a208f47a23dfddc771a816dca1c[java.base/jdk.internal.reflect.NativeConstructorAccessorImpl.newInstance0(Native Method)<br> java.base/jdk.internal.reflect.NativeConstructorAccessorImpl.newInstance(NativeConstructorAccessorImpl.java:77)<br> java.base/jdk.internal.reflect.DelegatingConstructorAccessorImpl.newInstance(DelegatingConstructorAccessorImpl.java:45)<br> java.base/java.lang.reflect.Constructor.newInstanceWithCaller(Constructor.java:499)<br> java.base/java.lang.reflect.Constructor.newInstance(Constructor.java:480)<br> org.openqa.selenium.remote.codec.w3c.W3CHttpResponseCodec.createException(W3CHttpResponseCodec.java:200)<br> org.openqa.selenium.remote.codec.w3c.W3CHttpResponseCodec.decode(W3CHttpResponseCodec.java:133)<br> org.openqa.selenium.remote.codec.w3c.W3CHttpResponseCodec.decode(W3CHttpResponseCodec.java:53)<br> org.openqa.selenium.remote.HttpCommandExecutor.execute(HttpCommandExecutor.java:184)<br> org.openqa.selenium.remote.service.DriverCommandExecutor.invokeExecute(DriverCommandExecutor.java:167)<br> org.openqa.selenium.remote.service.DriverCommandExecutor.execute(DriverCommandExecutor.java:142)<br> org.openqa.selenium.remote.RemoteWebDriver.execute(RemoteWebDriver.java:558)<br> org.openqa.selenium.remote.ElementLocation$ElementFinder$2.findElement(ElementLocation.java:162)<br> org.openqa.selenium.remote.ElementLocation.findElement(ElementLocation.java:66)<br> org.openqa.selenium.remote.RemoteWebDriver.findElement(RemoteWebDriver.java:382)<br> org.openqa.selenium.remote.RemoteWebDriver.findElement(RemoteWebDriver.java:374)<br> org.openqa.selenium.support.pagefactory.DefaultElementLocator.findElement(DefaultElementLocator.java:70)<br> org.openqa.selenium.support.pagefactory.internal.LocatingElementHandler.invoke(LocatingElementHandler.java:39)<br> jdk.proxy2/jdk.proxy2.$Proxy18.click(Unknown Source)<br> pageObjects.GooglePOM.selectPixel7(GooglePOM.java:89)<br> testClasses.Google.getPixelPrice(Google.java:78)<br> java.base/jdk.internal.reflect.NativeMethodAccessorImpl.invoke0(Native Method)<br> java.base/jdk.internal.reflect.NativeMethodAccessorImpl.invoke(NativeMethodAccessorImpl.java:77)<br> java.base/jdk.internal.reflect.DelegatingMethodAccessorImpl.invoke(DelegatingMethodAccessorImpl.java:43)<br> java.base/java.lang.reflect.Method.invoke(Method.java:568)<br> org.testng.internal.invokers.MethodInvocationHelper.invokeMethod(MethodInvocationHelper.java:135)<br> org.testng.internal.invokers.TestInvoker.invokeMethod(TestInvoker.java:673)<br> org.testng.internal.invokers.TestInvoker.invokeTestMethod(TestInvoker.java:220)<br> org.testng.internal.invokers.MethodRunner.runInSequence(MethodRunner.java:50)<br> org.testng.internal.invokers.TestInvoker$MethodInvocationAgent.invoke(TestInvoker.java:945)<br> org.testng.internal.invokers.TestInvoker.invokeTestMethods(TestInvoker.java:193)<br> org.testng.internal.invokers.TestMethodWorker.invokeTestMethods(TestMethodWorker.java:146)<br> org.testng.internal.invokers.TestMethodWorker.run(TestMethodWorker.java:128)<br> java.base/java.util.ArrayList.forEach(ArrayList.java:1511)<br> org.testng.TestRunner.privateRun(TestRunner.java:808)<br> org.testng.TestRunner.run(TestRunner.java:603)<br> org.testng.SuiteRunner.runTest(SuiteRunner.java:429)<br> org.testng.SuiteRunner.runSequentially(SuiteRunner.java:423)<br> org.testng.SuiteRunner.privateRun(SuiteRunner.java:383)<br> org.testng.SuiteRunner.run(SuiteRunner.java:326)<br> org.testng.SuiteRunnerWorker.runSuite(SuiteRunnerWorker.java:52)<br> org.testng.SuiteRunnerWorker.run(SuiteRunnerWorker.java:95)<br> org.testng.TestNG.runSuitesSequentially(TestNG.java:1249)<br> org.testng.TestNG.runSuitesLocally(TestNG.java:1169)<br> org.testng.TestNG.runSuites(TestNG.java:1092)<br> org.testng.TestNG.run(TestNG.java:1060)<br> org.testng.remote.AbstractRemoteTestNG.run(AbstractRemoteTestNG.java:115)<br> org.testng.remote.RemoteTestNG.initAndRun(RemoteTestNG.java:251)<br> org.testng.remote.RemoteTestNG.main(RemoteTestNG.java:77)]</details> 

        </td>
      </tr>
  </tbody>
</table>
</div>
          </div>
        </li>
        <li class="test-item"  status="skip" test-id="5"
          author=""
          tag=""
          device="">
          <div class="test-detail">
            <p class="name">testClasses.Google.befisTest</p>
            <p class="text-sm">
              <span>4:15:01 a.m.</span> / <span>00:00:00:001</span>
              <span class="badge skip-bg log float-right">Skip</span>
            </p>
          </div>
          <div class="test-contents d-none">
<div class="detail-head">
<div class="p-v-10">
<div class="info">
<h5 class="test-status text-skip">testClasses.Google.befisTest</h5>
<span class='badge badge-success'>10.27.2022 4:15:01 a.m.</span>
<span class='badge badge-danger'>10.27.2022 4:15:01 a.m.</span>
<span class='badge badge-default'>00:00:00:001</span>
&middot; <span class='uri-anchor badge badge-default'>#test-id=5</span>
<span class='badge badge-default pointer float-right ml-1 et'><i class="fa fa-chevron-down"></i></span>
<span class='badge badge-default pointer float-right ct'><i class="fa fa-chevron-up"></i></span>
</div>
</div>
</div><div class="detail-body mt-4">
<table class="table table-sm">
  <thead><tr><th class="status-col">Status</th><th class="timestamp-col">Timestamp</th><th class="details-col">Details</th></tr></thead>
  <tbody>
      <tr class="event-row">
        <td><span class="badge log skip-bg">Skip</span></td>
        <td>4:15:01 a.m.</td>
        <td>
          <span class='badge white-text yellow'><b>Test method 'befisTest' skipped</b></span>
        </td>
      </tr>
  </tbody>
</table>
</div>
          </div>
        </li>
      </ul>
    </div>
  </div>
<div class="test-content scrollable">
<div class="test-content-tools">
<ul><li><a class="back-to-test" href="#"><i class="fa fa-arrow-left"></i></a></li></ul>
</div>
<div class="test-content-detail"><div class="detail-body"></div></div>
</div></div>
<div class="container-fluid p-4 view dashboard-view">
<div class="row">
<div class="col-md-3">
<div class="card"><div class="card-body">
<p class="m-b-0">Started</p>
<h3>Oct. 27, 2022 04:14:23 a.m.</h3>
</div></div>
</div>
<div class="col-md-3">
<div class="card"><div class="card-body">
<p class="m-b-0">Ended</p>
<h3>Oct. 27, 2022 04:15:02 a.m.</h3>
</div></div>
</div>
<div class="col-md-3">
<div class="card"><div class="card-body">
<p class="m-b-0 text-pass">Tests Passed</p>
<h3>1</h3>
</div></div>
</div>
<div class="col-md-3">
<div class="card"><div class="card-body">
<p class="m-b-0 text-fail">Tests Failed</p>
<h3>3</h3>
</div></div>
</div>
</div>
<div class="row">
<div class="col-md-6">
<div class="card">
<div class="card-header">
<h6 class="card-title">Tests</h6>
</div>
<div class="card-body">
<div class="">
<canvas id='parent-analysis' width='115' height='90'></canvas>
</div>
</div>
<div class="card-footer">
<div><small data-tooltip='20%'>
<b>1</b> tests passed
</small>
</div>
<div>
<small data-tooltip='60%'><b>3</b> tests failed,
<b>1</b> skipped, <b data-tooltip='0%'>0</b> others
</small>
</div>
</div>
</div>
</div>
<div class="col-md-6">
<div class="card">
<div class="card-header">
<h6 class="card-title">Log events</h6>
</div>
<div class="card-body">
<div class="">
<canvas id='events-analysis' width='115' height='90'></canvas>
</div>
</div>
<div class="card-footer">
<div><small data-tooltip='12%'><b>1</b> events passed</small></div>
<div>
<small data-tooltip='75%'><b>6</b> events failed,
<b data-tooltip='%'>1</b> others
</small>
</div>
</div>
</div>
</div>
</div>
<div class="row"><div class="col-md-12">
<div class="card"><div class="card-header"><p>Timeline</p></div>
<div class="card-body pt-0"><div>
<canvas id="timeline" height="120"></canvas>
</div></div>
</div>
</div></div>
<script>
var timeline = {
"testClasses.Gmail.verifyLearnMorePageTitle":1.734,"testClasses.Gmail.verifyLinkTerms":5.206,"testClasses.Google.verifyViewAllProductsPageTitle":1.412,"testClasses.Google.getPixelPrice":19.285,"testClasses.Google.befisTest":0.001
};
</script>
<div class="row">
<div class="col-lg-6 col-md-12 sysenv-container">
<div class="card">
<div class="card-header"><p>System/Environment</p></div>
<div class="card-body pb-0 pt-0"><table class="table table-sm table-bordered">
<thead><tr class="bg-gray"><th>Name</th><th>Value</th></tr></thead>
<tbody>
<tr>
<td>Project</td>
<td></td>
</tr>
<tr>
<td>Browser</td>
<td></td>
</tr>
</tbody>
</table></div>
</div>
</div>
</div>
</div>
<script>
var statusGroup = {
parentCount: 5,
passParent: 1,
failParent: 3,
warningParent: 0,
skipParent: 1,
childCount: 5,
passChild: 0,
failChild: 0,
warningChild: 0,
skipChild: 0,
infoChild: 0,
grandChildCount: 5,
passGrandChild: 0,
failGrandChild: 0,
warningGrandChild: 0,
skipGrandChild: 0,
infoGrandChild: 0,
eventsCount: 5,
passEvents: 1,
failEvents: 6,
warningEvents: 0,
skipEvents: 1,
infoEvents: 0
};
</script>        </div>
      </div>
    </div>
  </div>
<script src="https://cdn.jsdelivr.net/gh/extent-framework/extent-github-cdn@d6562a79075e061305ccfdb82f01e5e195e2d307/spark/js/spark-script.js"></script>
<script type="text/javascript"></script></body>
</html>